{"C:\\Work\\Teach\\new\\cabs-api\\cabs-api\\src\\constants\\messages.ts": {"path":"C:\\Work\\Teach\\new\\cabs-api\\cabs-api\\src\\constants\\messages.ts","statementMap":{"0":{"start":{"line":1,"column":0},"end":{"line":1,"column":null}},"1":{"start":{"line":2,"column":2},"end":{"line":2,"column":null}},"2":{"start":{"line":3,"column":2},"end":{"line":3,"column":null}},"3":{"start":{"line":4,"column":2},"end":{"line":4,"column":null}},"4":{"start":{"line":5,"column":2},"end":{"line":5,"column":null}},"5":{"start":{"line":6,"column":2},"end":{"line":6,"column":null}},"6":{"start":{"line":7,"column":2},"end":{"line":7,"column":null}},"7":{"start":{"line":8,"column":2},"end":{"line":8,"column":null}},"8":{"start":{"line":9,"column":2},"end":{"line":9,"column":null}},"9":{"start":{"line":10,"column":2},"end":{"line":10,"column":null}},"10":{"start":{"line":11,"column":2},"end":{"line":11,"column":null}},"11":{"start":{"line":12,"column":2},"end":{"line":12,"column":null}},"12":{"start":{"line":13,"column":2},"end":{"line":13,"column":null}},"13":{"start":{"line":14,"column":2},"end":{"line":14,"column":null}},"14":{"start":{"line":15,"column":2},"end":{"line":15,"column":null}},"15":{"start":{"line":16,"column":2},"end":{"line":16,"column":null}},"16":{"start":{"line":17,"column":2},"end":{"line":17,"column":null}}},"fnMap":{"0":{"name":"(anonymous_0)","decl":{"start":{"line":1,"column":0},"end":{"line":1,"column":12}},"loc":{"start":{"line":1,"column":20},"end":{"line":18,"column":1}}}},"branchMap":{"0":{"loc":{"start":{"line":1,"column":12},"end":{"line":1,"column":null}},"type":"binary-expr","locations":[{"start":{"line":1,"column":12},"end":{"line":1,"column":20}},{"start":{"line":1,"column":12},"end":{"line":1,"column":null}}]}},"s":{"0":1,"1":1,"2":1,"3":1,"4":1,"5":1,"6":1,"7":1,"8":1,"9":1,"10":1,"11":1,"12":1,"13":1,"14":1,"15":1,"16":1},"f":{"0":1},"b":{"0":[1,1]}}
,"C:\\Work\\Teach\\new\\cabs-api\\cabs-api\\src\\models\\Driver.ts": {"path":"C:\\Work\\Teach\\new\\cabs-api\\cabs-api\\src\\models\\Driver.ts","statementMap":{"0":{"start":{"line":1,"column":0},"end":{"line":1,"column":54}},"1":{"start":{"line":13,"column":28},"end":{"line":24,"column":null}},"2":{"start":{"line":27,"column":0},"end":{"line":27,"column":67}}},"fnMap":{},"branchMap":{},"s":{"0":1,"1":1,"2":1},"f":{},"b":{}}
,"C:\\Work\\Teach\\new\\cabs-api\\cabs-api\\src\\models\\Location.ts": {"path":"C:\\Work\\Teach\\new\\cabs-api\\cabs-api\\src\\models\\Location.ts","statementMap":{"0":{"start":{"line":1,"column":0},"end":{"line":1,"column":54}},"1":{"start":{"line":12,"column":30},"end":{"line":20,"column":null}},"2":{"start":{"line":23,"column":0},"end":{"line":23,"column":73}}},"fnMap":{},"branchMap":{},"s":{"0":1,"1":1,"2":1},"f":{},"b":{}}
,"C:\\Work\\Teach\\new\\cabs-api\\cabs-api\\src\\models\\dtos\\Drivers\\Responses\\createDriverResponse.ts": {"path":"C:\\Work\\Teach\\new\\cabs-api\\cabs-api\\src\\models\\dtos\\Drivers\\Responses\\createDriverResponse.ts","statementMap":{"0":{"start":{"line":1,"column":0},"end":{"line":1,"column":13}}},"fnMap":{},"branchMap":{},"s":{"0":1},"f":{},"b":{}}
,"C:\\Work\\Teach\\new\\cabs-api\\cabs-api\\src\\services\\Driver\\driver.service.ts": {"path":"C:\\Work\\Teach\\new\\cabs-api\\cabs-api\\src\\services\\Driver\\driver.service.ts","statementMap":{"0":{"start":{"line":3,"column":0},"end":{"line":3,"column":96}},"1":{"start":{"line":10,"column":0},"end":{"line":10,"column":42}},"2":{"start":{"line":13,"column":0},"end":{"line":13,"column":41}},"3":{"start":{"line":14,"column":0},"end":{"line":14,"column":65}},"4":{"start":{"line":15,"column":0},"end":{"line":15,"column":52}},"5":{"start":{"line":16,"column":0},"end":{"line":16,"column":57}},"6":{"start":{"line":17,"column":0},"end":{"line":17,"column":66}},"7":{"start":{"line":26,"column":12},"end":{"line":26,"column":48}},"8":{"start":{"line":27,"column":12},"end":{"line":27,"column":52}},"9":{"start":{"line":29,"column":4},"end":{"line":29,"column":46}},"10":{"start":{"line":30,"column":4},"end":{"line":30,"column":50}},"11":{"start":{"line":36,"column":4},"end":{"line":36,"column":48}},"12":{"start":{"line":38,"column":19},"end":{"line":44,"column":6}},"13":{"start":{"line":46,"column":25},"end":{"line":46,"column":65}},"14":{"start":{"line":47,"column":4},"end":{"line":49,"column":null}},"15":{"start":{"line":48,"column":6},"end":{"line":48,"column":18}},"16":{"start":{"line":51,"column":21},"end":{"line":51,"column":47}},"17":{"start":{"line":52,"column":4},"end":{"line":52,"column":35}},"18":{"start":{"line":53,"column":4},"end":{"line":53,"column":38}},"19":{"start":{"line":54,"column":4},"end":{"line":54,"column":40}},"20":{"start":{"line":55,"column":4},"end":{"line":55,"column":54}},"21":{"start":{"line":56,"column":4},"end":{"line":56,"column":58}},"22":{"start":{"line":57,"column":4},"end":{"line":57,"column":50}},"23":{"start":{"line":59,"column":4},"end":{"line":59,"column":20}},"24":{"start":{"line":65,"column":4},"end":{"line":65,"column":43}},"25":{"start":{"line":67,"column":41},"end":{"line":69,"column":6}},"26":{"start":{"line":71,"column":22},"end":{"line":71,"column":62}},"27":{"start":{"line":73,"column":4},"end":{"line":89,"column":null}},"28":{"start":{"line":74,"column":23},"end":{"line":78,"column":null}},"29":{"start":{"line":80,"column":6},"end":{"line":88,"column":null}},"30":{"start":{"line":81,"column":34},"end":{"line":85,"column":10}},"31":{"start":{"line":86,"column":8},"end":{"line":86,"column":25}},"32":{"start":{"line":87,"column":8},"end":{"line":87,"column":46}},"33":{"start":{"line":91,"column":4},"end":{"line":92,"column":54}},"34":{"start":{"line":92,"column":6},"end":{"line":92,"column":54}},"35":{"start":{"line":94,"column":4},"end":{"line":94,"column":24}},"36":{"start":{"line":101,"column":4},"end":{"line":101,"column":53}},"37":{"start":{"line":102,"column":25},"end":{"line":102,"column":70}},"38":{"start":{"line":103,"column":4},"end":{"line":103,"column":30}},"39":{"start":{"line":104,"column":4},"end":{"line":109,"column":null}},"40":{"start":{"line":105,"column":6},"end":{"line":108,"column":8}},"41":{"start":{"line":110,"column":21},"end":{"line":114,"column":6}},"42":{"start":{"line":116,"column":27},"end":{"line":116,"column":71}},"43":{"start":{"line":117,"column":4},"end":{"line":119,"column":null}},"44":{"start":{"line":118,"column":6},"end":{"line":118,"column":18}},"45":{"start":{"line":121,"column":4},"end":{"line":121,"column":16}},"46":{"start":{"line":127,"column":4},"end":{"line":133,"column":null}},"47":{"start":{"line":132,"column":6},"end":{"line":132,"column":80}},"48":{"start":{"line":137,"column":22},"end":{"line":137,"column":37}},"49":{"start":{"line":139,"column":4},"end":{"line":141,"column":null}},"50":{"start":{"line":140,"column":6},"end":{"line":140,"column":80}},"51":{"start":{"line":142,"column":4},"end":{"line":144,"column":null}},"52":{"start":{"line":143,"column":6},"end":{"line":143,"column":78}},"53":{"start":{"line":145,"column":4},"end":{"line":147,"column":null}},"54":{"start":{"line":146,"column":6},"end":{"line":146,"column":78}},"55":{"start":{"line":149,"column":28},"end":{"line":149,"column":76}},"56":{"start":{"line":150,"column":30},"end":{"line":151,"column":null}},"57":{"start":{"line":153,"column":32},"end":{"line":154,"column":null}},"58":{"start":{"line":156,"column":34},"end":{"line":157,"column":null}},"59":{"start":{"line":160,"column":4},"end":{"line":162,"column":null}},"60":{"start":{"line":161,"column":6},"end":{"line":161,"column":78}},"61":{"start":{"line":164,"column":4},"end":{"line":165,"column":78}},"62":{"start":{"line":165,"column":6},"end":{"line":165,"column":78}},"63":{"start":{"line":167,"column":4},"end":{"line":168,"column":74}},"64":{"start":{"line":168,"column":6},"end":{"line":168,"column":74}},"65":{"start":{"line":170,"column":4},"end":{"line":171,"column":76}},"66":{"start":{"line":171,"column":6},"end":{"line":171,"column":76}},"67":{"start":{"line":176,"column":14},"end":{"line":176,"column":18}},"68":{"start":{"line":177,"column":17},"end":{"line":177,"column":51}},"69":{"start":{"line":178,"column":17},"end":{"line":178,"column":51}},"70":{"start":{"line":181,"column":6},"end":{"line":185,"column":26}},"71":{"start":{"line":187,"column":14},"end":{"line":187,"column":60}},"72":{"start":{"line":188,"column":14},"end":{"line":188,"column":19}},"73":{"start":{"line":189,"column":4},"end":{"line":189,"column":13}},"74":{"start":{"line":193,"column":4},"end":{"line":193,"column":33}},"75":{"start":{"line":197,"column":19},"end":{"line":197,"column":64}},"76":{"start":{"line":198,"column":4},"end":{"line":198,"column":37}},"77":{"start":{"line":198,"column":24},"end":{"line":198,"column":37}},"78":{"start":{"line":199,"column":4},"end":{"line":199,"column":16}},"79":{"start":{"line":203,"column":19},"end":{"line":203,"column":68}},"80":{"start":{"line":204,"column":4},"end":{"line":204,"column":37}},"81":{"start":{"line":204,"column":24},"end":{"line":204,"column":37}},"82":{"start":{"line":205,"column":4},"end":{"line":205,"column":16}},"83":{"start":{"line":209,"column":19},"end":{"line":209,"column":72}},"84":{"start":{"line":210,"column":4},"end":{"line":210,"column":37}},"85":{"start":{"line":210,"column":24},"end":{"line":210,"column":37}},"86":{"start":{"line":211,"column":4},"end":{"line":211,"column":16}},"87":{"start":{"line":217,"column":19},"end":{"line":217,"column":70}},"88":{"start":{"line":218,"column":4},"end":{"line":218,"column":37}},"89":{"start":{"line":218,"column":24},"end":{"line":218,"column":37}},"90":{"start":{"line":219,"column":4},"end":{"line":219,"column":16}},"91":{"start":{"line":21,"column":0},"end":{"line":21,"column":13}}},"fnMap":{"0":{"name":"(anonymous_14)","decl":{"start":{"line":25,"column":2},"end":{"line":25,"column":null}},"loc":{"start":{"line":27,"column":52},"end":{"line":31,"column":3}}},"1":{"name":"(anonymous_15)","decl":{"start":{"line":33,"column":15},"end":{"line":33,"column":34}},"loc":{"start":{"line":34,"column":34},"end":{"line":60,"column":null}}},"2":{"name":"(anonymous_17)","decl":{"start":{"line":62,"column":15},"end":{"line":62,"column":36}},"loc":{"start":{"line":63,"column":41},"end":{"line":95,"column":null}}},"3":{"name":"(anonymous_19)","decl":{"start":{"line":97,"column":15},"end":{"line":97,"column":38}},"loc":{"start":{"line":99,"column":45},"end":{"line":122,"column":null}}},"4":{"name":"(anonymous_21)","decl":{"start":{"line":124,"column":16},"end":{"line":124,"column":45}},"loc":{"start":{"line":125,"column":45},"end":{"line":134,"column":null}}},"5":{"name":"(anonymous_23)","decl":{"start":{"line":136,"column":16},"end":{"line":136,"column":37}},"loc":{"start":{"line":136,"column":68},"end":{"line":172,"column":null}}},"6":{"name":"(anonymous_25)","decl":{"start":{"line":175,"column":10},"end":{"line":175,"column":19}},"loc":{"start":{"line":175,"column":42},"end":{"line":190,"column":3}}},"7":{"name":"(anonymous_26)","decl":{"start":{"line":192,"column":10},"end":{"line":192,"column":26}},"loc":{"start":{"line":192,"column":30},"end":{"line":194,"column":3}}},"8":{"name":"(anonymous_27)","decl":{"start":{"line":196,"column":16},"end":{"line":196,"column":36}},"loc":{"start":{"line":196,"column":50},"end":{"line":200,"column":null}}},"9":{"name":"(anonymous_29)","decl":{"start":{"line":202,"column":16},"end":{"line":202,"column":38}},"loc":{"start":{"line":202,"column":54},"end":{"line":206,"column":null}}},"10":{"name":"(anonymous_31)","decl":{"start":{"line":208,"column":16},"end":{"line":208,"column":40}},"loc":{"start":{"line":208,"column":58},"end":{"line":212,"column":null}}},"11":{"name":"(anonymous_33)","decl":{"start":{"line":214,"column":16},"end":{"line":214,"column":42}},"loc":{"start":{"line":215,"column":23},"end":{"line":220,"column":null}}}},"branchMap":{"0":{"loc":{"start":{"line":47,"column":4},"end":{"line":49,"column":null}},"type":"if","locations":[{"start":{"line":47,"column":4},"end":{"line":49,"column":null}}]},"1":{"loc":{"start":{"line":80,"column":6},"end":{"line":88,"column":null}},"type":"if","locations":[{"start":{"line":80,"column":6},"end":{"line":88,"column":null}}]},"2":{"loc":{"start":{"line":91,"column":4},"end":{"line":92,"column":54}},"type":"if","locations":[{"start":{"line":91,"column":4},"end":{"line":92,"column":54}}]},"3":{"loc":{"start":{"line":91,"column":9},"end":{"line":91,"column":45}},"type":"cond-expr","locations":[{"start":{"line":91,"column":37},"end":{"line":91,"column":39}},{"start":{"line":91,"column":37},"end":{"line":91,"column":45}}]},"4":{"loc":{"start":{"line":91,"column":9},"end":{"line":91,"column":39}},"type":"binary-expr","locations":[{"start":{"line":91,"column":9},"end":{"line":91,"column":39}},{"start":{"line":91,"column":37},"end":{"line":91,"column":39}}]},"5":{"loc":{"start":{"line":91,"column":9},"end":{"line":91,"column":37}},"type":"cond-expr","locations":[{"start":{"line":91,"column":21},"end":{"line":91,"column":23}},{"start":{"line":91,"column":9},"end":{"line":91,"column":37}}]},"6":{"loc":{"start":{"line":91,"column":9},"end":{"line":91,"column":23}},"type":"binary-expr","locations":[{"start":{"line":91,"column":9},"end":{"line":91,"column":23}},{"start":{"line":91,"column":9},"end":{"line":91,"column":23}}]},"7":{"loc":{"start":{"line":104,"column":4},"end":{"line":109,"column":null}},"type":"if","locations":[{"start":{"line":104,"column":4},"end":{"line":109,"column":null}}]},"8":{"loc":{"start":{"line":117,"column":4},"end":{"line":119,"column":null}},"type":"if","locations":[{"start":{"line":117,"column":4},"end":{"line":119,"column":null}}]},"9":{"loc":{"start":{"line":127,"column":4},"end":{"line":133,"column":null}},"type":"if","locations":[{"start":{"line":127,"column":4},"end":{"line":133,"column":null}}]},"10":{"loc":{"start":{"line":128,"column":6},"end":{"line":130,"column":36}},"type":"binary-expr","locations":[{"start":{"line":128,"column":6},"end":{"line":128,"column":26}},{"start":{"line":129,"column":6},"end":{"line":129,"column":35}},{"start":{"line":130,"column":6},"end":{"line":130,"column":36}}]},"11":{"loc":{"start":{"line":139,"column":4},"end":{"line":141,"column":null}},"type":"if","locations":[{"start":{"line":139,"column":4},"end":{"line":141,"column":null}}]},"12":{"loc":{"start":{"line":142,"column":4},"end":{"line":144,"column":null}},"type":"if","locations":[{"start":{"line":142,"column":4},"end":{"line":144,"column":null}}]},"13":{"loc":{"start":{"line":145,"column":4},"end":{"line":147,"column":null}},"type":"if","locations":[{"start":{"line":145,"column":4},"end":{"line":147,"column":null}}]},"14":{"loc":{"start":{"line":160,"column":4},"end":{"line":162,"column":null}},"type":"if","locations":[{"start":{"line":160,"column":4},"end":{"line":162,"column":null}}]},"15":{"loc":{"start":{"line":164,"column":4},"end":{"line":165,"column":78}},"type":"if","locations":[{"start":{"line":164,"column":4},"end":{"line":165,"column":78}}]},"16":{"loc":{"start":{"line":167,"column":4},"end":{"line":168,"column":74}},"type":"if","locations":[{"start":{"line":167,"column":4},"end":{"line":168,"column":74}}]},"17":{"loc":{"start":{"line":170,"column":4},"end":{"line":171,"column":76}},"type":"if","locations":[{"start":{"line":170,"column":4},"end":{"line":171,"column":76}}]},"18":{"loc":{"start":{"line":198,"column":4},"end":{"line":198,"column":37}},"type":"if","locations":[{"start":{"line":198,"column":4},"end":{"line":198,"column":37}}]},"19":{"loc":{"start":{"line":204,"column":4},"end":{"line":204,"column":37}},"type":"if","locations":[{"start":{"line":204,"column":4},"end":{"line":204,"column":37}}]},"20":{"loc":{"start":{"line":210,"column":4},"end":{"line":210,"column":37}},"type":"if","locations":[{"start":{"line":210,"column":4},"end":{"line":210,"column":37}}]},"21":{"loc":{"start":{"line":218,"column":4},"end":{"line":218,"column":37}},"type":"if","locations":[{"start":{"line":218,"column":4},"end":{"line":218,"column":37}}]}},"s":{"0":1,"1":1,"2":1,"3":1,"4":1,"5":1,"6":1,"7":1,"8":1,"9":1,"10":1,"11":4,"12":1,"13":1,"14":1,"15":0,"16":1,"17":1,"18":1,"19":1,"20":1,"21":1,"22":1,"23":1,"24":1,"25":1,"26":1,"27":1,"28":1,"29":1,"30":1,"31":1,"32":1,"33":1,"34":0,"35":1,"36":1,"37":1,"38":1,"39":1,"40":0,"41":1,"42":1,"43":1,"44":0,"45":1,"46":1,"47":0,"48":4,"49":4,"50":0,"51":4,"52":2,"53":2,"54":1,"55":1,"56":1,"57":1,"58":1,"59":1,"60":0,"61":1,"62":0,"63":1,"64":0,"65":1,"66":0,"67":1,"68":1,"69":1,"70":1,"71":1,"72":1,"73":1,"74":4,"75":1,"76":1,"77":1,"78":0,"79":1,"80":1,"81":1,"82":0,"83":1,"84":1,"85":1,"86":0,"87":1,"88":1,"89":1,"90":0,"91":1},"f":{"0":1,"1":4,"2":1,"3":1,"4":1,"5":4,"6":1,"7":4,"8":1,"9":1,"10":1,"11":1},"b":{"0":[0],"1":[1],"2":[0],"3":[0,1],"4":[1,1],"5":[0,1],"6":[1,1],"7":[0],"8":[0],"9":[0],"10":[1,1,1],"11":[0],"12":[2],"13":[1],"14":[0],"15":[0],"16":[0],"17":[0],"18":[1],"19":[1],"20":[1],"21":[1]}}
,"C:\\Work\\Teach\\new\\cabs-api\\cabs-api\\src\\utils\\exceptions\\http.exception.ts": {"path":"C:\\Work\\Teach\\new\\cabs-api\\cabs-api\\src\\utils\\exceptions\\http.exception.ts","statementMap":{"0":{"start":{"line":5,"column":4},"end":{"line":5,"column":12}},"1":{"start":{"line":6,"column":4},"end":{"line":6,"column":25}},"2":{"start":{"line":7,"column":4},"end":{"line":7,"column":25}},"3":{"start":{"line":11,"column":0},"end":{"line":11,"column":29}}},"fnMap":{"0":{"name":"(anonymous_0)","decl":{"start":{"line":4,"column":2},"end":{"line":4,"column":14}},"loc":{"start":{"line":4,"column":44},"end":{"line":8,"column":3}}}},"branchMap":{},"s":{"0":3,"1":3,"2":3,"3":1},"f":{"0":3},"b":{}}
,"C:\\Work\\Teach\\new\\cabs-api\\cabs-api\\src\\utils\\validators\\validator.ts": {"path":"C:\\Work\\Teach\\new\\cabs-api\\cabs-api\\src\\utils\\validators\\validator.ts","statementMap":{"0":{"start":{"line":1,"column":0},"end":{"line":1,"column":50}},"1":{"start":{"line":5,"column":4},"end":{"line":5,"column":42}},"2":{"start":{"line":8,"column":18},"end":{"line":10,"column":null}},"3":{"start":{"line":13,"column":4},"end":{"line":13,"column":46}},"4":{"start":{"line":3,"column":0},"end":{"line":3,"column":21}}},"fnMap":{"0":{"name":"(anonymous_6)","decl":{"start":{"line":4,"column":9},"end":{"line":4,"column":21}},"loc":{"start":{"line":4,"column":35},"end":{"line":6,"column":3}}},"1":{"name":"(anonymous_7)","decl":{"start":{"line":7,"column":9},"end":{"line":7,"column":27}},"loc":{"start":{"line":7,"column":47},"end":{"line":14,"column":3}}}},"branchMap":{},"s":{"0":1,"1":4,"2":2,"3":2,"4":1},"f":{"0":4,"1":2},"b":{}}
,"C:\\Work\\Teach\\new\\cabs-api\\cabs-api\\tests\\mocks\\driver.repository.mock.ts": {"path":"C:\\Work\\Teach\\new\\cabs-api\\cabs-api\\tests\\mocks\\driver.repository.mock.ts","statementMap":{"0":{"start":{"line":2,"column":0},"end":{"line":2,"column":63}},"1":{"start":{"line":5,"column":10},"end":{"line":5,"column":45}},"2":{"start":{"line":6,"column":10},"end":{"line":6,"column":53}},"3":{"start":{"line":9,"column":4},"end":{"line":9,"column":38}},"4":{"start":{"line":11,"column":4},"end":{"line":11,"column":56}},"5":{"start":{"line":12,"column":4},"end":{"line":12,"column":41}},"6":{"start":{"line":15,"column":4},"end":{"line":15,"column":47}},"7":{"start":{"line":18,"column":4},"end":{"line":18,"column":47}},"8":{"start":{"line":21,"column":4},"end":{"line":21,"column":47}},"9":{"start":{"line":24,"column":4},"end":{"line":24,"column":47}},"10":{"start":{"line":27,"column":4},"end":{"line":27,"column":47}},"11":{"start":{"line":30,"column":4},"end":{"line":30,"column":36}},"12":{"start":{"line":31,"column":4},"end":{"line":31,"column":35}},"13":{"start":{"line":37,"column":4},"end":{"line":37,"column":47}},"14":{"start":{"line":40,"column":4},"end":{"line":40,"column":47}},"15":{"start":{"line":44,"column":0},"end":{"line":44,"column":36}}},"fnMap":{"0":{"name":"(anonymous_1)","decl":{"start":{"line":8,"column":2},"end":{"line":8,"column":null}},"loc":{"start":{"line":8,"column":2},"end":{"line":13,"column":3}}},"1":{"name":"(anonymous_2)","decl":{"start":{"line":14,"column":2},"end":{"line":14,"column":12}},"loc":{"start":{"line":14,"column":26},"end":{"line":16,"column":3}}},"2":{"name":"(anonymous_3)","decl":{"start":{"line":17,"column":2},"end":{"line":17,"column":14}},"loc":{"start":{"line":17,"column":30},"end":{"line":19,"column":3}}},"3":{"name":"(anonymous_4)","decl":{"start":{"line":20,"column":2},"end":{"line":20,"column":9}},"loc":{"start":{"line":20,"column":20},"end":{"line":22,"column":3}}},"4":{"name":"(anonymous_5)","decl":{"start":{"line":23,"column":2},"end":{"line":23,"column":16}},"loc":{"start":{"line":23,"column":34},"end":{"line":25,"column":3}}},"5":{"name":"(anonymous_6)","decl":{"start":{"line":26,"column":2},"end":{"line":26,"column":12}},"loc":{"start":{"line":26,"column":32},"end":{"line":28,"column":3}}},"6":{"name":"(anonymous_7)","decl":{"start":{"line":29,"column":2},"end":{"line":29,"column":6}},"loc":{"start":{"line":29,"column":27},"end":{"line":32,"column":3}}},"7":{"name":"(anonymous_8)","decl":{"start":{"line":33,"column":2},"end":{"line":33,"column":8}},"loc":{"start":{"line":35,"column":28},"end":{"line":38,"column":3}}},"8":{"name":"(anonymous_9)","decl":{"start":{"line":39,"column":2},"end":{"line":39,"column":8}},"loc":{"start":{"line":39,"column":23},"end":{"line":41,"column":3}}}},"branchMap":{},"s":{"0":1,"1":1,"2":1,"3":1,"4":1,"5":1,"6":0,"7":0,"8":1,"9":0,"10":0,"11":1,"12":1,"13":0,"14":0,"15":1},"f":{"0":1,"1":0,"2":0,"3":1,"4":0,"5":0,"6":1,"7":0,"8":0},"b":{}}
,"C:\\Work\\Teach\\new\\cabs-api\\cabs-api\\tests\\mocks\\location.repository.mock.ts": {"path":"C:\\Work\\Teach\\new\\cabs-api\\cabs-api\\tests\\mocks\\location.repository.mock.ts","statementMap":{"0":{"start":{"line":3,"column":0},"end":{"line":3,"column":69}},"1":{"start":{"line":6,"column":10},"end":{"line":6,"column":54}},"2":{"start":{"line":9,"column":4},"end":{"line":9,"column":41}},"3":{"start":{"line":12,"column":4},"end":{"line":12,"column":45}},"4":{"start":{"line":13,"column":4},"end":{"line":13,"column":37}},"5":{"start":{"line":16,"column":4},"end":{"line":16,"column":47}},"6":{"start":{"line":19,"column":4},"end":{"line":19,"column":54}},"7":{"start":{"line":23,"column":0},"end":{"line":23,"column":38}}},"fnMap":{"0":{"name":"(anonymous_1)","decl":{"start":{"line":8,"column":2},"end":{"line":8,"column":null}},"loc":{"start":{"line":8,"column":2},"end":{"line":10,"column":3}}},"1":{"name":"(anonymous_2)","decl":{"start":{"line":11,"column":2},"end":{"line":11,"column":6}},"loc":{"start":{"line":11,"column":31},"end":{"line":14,"column":3}}},"2":{"name":"(anonymous_3)","decl":{"start":{"line":15,"column":2},"end":{"line":15,"column":8}},"loc":{"start":{"line":15,"column":50},"end":{"line":17,"column":3}}},"3":{"name":"(anonymous_4)","decl":{"start":{"line":18,"column":2},"end":{"line":18,"column":8}},"loc":{"start":{"line":18,"column":23},"end":{"line":20,"column":3}}}},"branchMap":{},"s":{"0":1,"1":1,"2":1,"3":1,"4":1,"5":0,"6":1,"7":1},"f":{"0":1,"1":1,"2":0,"3":1},"b":{}}
}
