TN:
SF:src\constants\messages.ts
FN:1,(anonymous_0)
FNF:1
FNH:1
FNDA:1,(anonymous_0)
DA:1,1
DA:2,1
DA:3,1
DA:4,1
DA:5,1
DA:6,1
DA:7,1
DA:8,1
DA:9,1
DA:10,1
DA:11,1
DA:12,1
DA:13,1
DA:14,1
DA:15,1
DA:16,1
DA:17,1
LF:17
LH:17
BRDA:1,0,0,1
BRDA:1,0,1,1
BRF:2
BRH:2
end_of_record
TN:
SF:src\models\Driver.ts
FNF:0
FNH:0
DA:1,1
DA:13,1
DA:27,1
LF:3
LH:3
BRF:0
BRH:0
end_of_record
TN:
SF:src\models\Location.ts
FNF:0
FNH:0
DA:1,1
DA:12,1
DA:23,1
LF:3
LH:3
BRF:0
BRH:0
end_of_record
TN:
SF:src\models\dtos\Drivers\Responses\createDriverResponse.ts
FNF:0
FNH:0
DA:1,1
LF:1
LH:1
BRF:0
BRH:0
end_of_record
TN:
SF:src\services\Driver\driver.service.ts
FN:25,(anonymous_14)
FN:33,(anonymous_15)
FN:62,(anonymous_17)
FN:97,(anonymous_19)
FN:124,(anonymous_21)
FN:136,(anonymous_23)
FN:175,(anonymous_25)
FN:192,(anonymous_26)
FN:196,(anonymous_27)
FN:202,(anonymous_29)
FN:208,(anonymous_31)
FN:214,(anonymous_33)
FNF:12
FNH:12
FNDA:1,(anonymous_14)
FNDA:4,(anonymous_15)
FNDA:1,(anonymous_17)
FNDA:1,(anonymous_19)
FNDA:1,(anonymous_21)
FNDA:4,(anonymous_23)
FNDA:1,(anonymous_25)
FNDA:4,(anonymous_26)
FNDA:1,(anonymous_27)
FNDA:1,(anonymous_29)
FNDA:1,(anonymous_31)
FNDA:1,(anonymous_33)
DA:3,1
DA:10,1
DA:13,1
DA:14,1
DA:15,1
DA:16,1
DA:17,1
DA:21,1
DA:26,1
DA:27,1
DA:29,1
DA:30,1
DA:36,4
DA:38,1
DA:46,1
DA:47,1
DA:48,0
DA:51,1
DA:52,1
DA:53,1
DA:54,1
DA:55,1
DA:56,1
DA:57,1
DA:59,1
DA:65,1
DA:67,1
DA:71,1
DA:73,1
DA:74,1
DA:80,1
DA:81,1
DA:86,1
DA:87,1
DA:91,1
DA:92,0
DA:94,1
DA:101,1
DA:102,1
DA:103,1
DA:104,1
DA:105,0
DA:110,1
DA:116,1
DA:117,1
DA:118,0
DA:121,1
DA:127,1
DA:132,0
DA:137,4
DA:139,4
DA:140,0
DA:142,4
DA:143,2
DA:145,2
DA:146,1
DA:149,1
DA:150,1
DA:153,1
DA:156,1
DA:160,1
DA:161,0
DA:164,1
DA:165,0
DA:167,1
DA:168,0
DA:170,1
DA:171,0
DA:176,1
DA:177,1
DA:178,1
DA:181,1
DA:187,1
DA:188,1
DA:189,1
DA:193,4
DA:197,1
DA:198,1
DA:199,0
DA:203,1
DA:204,1
DA:205,0
DA:209,1
DA:210,1
DA:211,0
DA:217,1
DA:218,1
DA:219,0
LF:88
LH:74
BRDA:47,0,0,0
BRDA:80,1,0,1
BRDA:91,2,0,0
BRDA:91,3,0,0
BRDA:91,3,1,1
BRDA:91,4,0,1
BRDA:91,4,1,1
BRDA:91,5,0,0
BRDA:91,5,1,1
BRDA:91,6,0,1
BRDA:91,6,1,1
BRDA:104,7,0,0
BRDA:117,8,0,0
BRDA:127,9,0,0
BRDA:128,10,0,1
BRDA:128,10,1,1
BRDA:128,10,2,1
BRDA:139,11,0,0
BRDA:142,12,0,2
BRDA:145,13,0,1
BRDA:160,14,0,0
BRDA:164,15,0,0
BRDA:167,16,0,0
BRDA:170,17,0,0
BRDA:198,18,0,1
BRDA:204,19,0,1
BRDA:210,20,0,1
BRDA:218,21,0,1
BRF:28
BRH:16
end_of_record
TN:
SF:src\utils\exceptions\http.exception.ts
FN:4,(anonymous_0)
FNF:1
FNH:1
FNDA:3,(anonymous_0)
DA:5,3
DA:6,3
DA:7,3
DA:11,1
LF:4
LH:4
BRF:0
BRH:0
end_of_record
TN:
SF:src\utils\validators\validator.ts
FN:4,(anonymous_6)
FN:7,(anonymous_7)
FNF:2
FNH:2
FNDA:4,(anonymous_6)
FNDA:2,(anonymous_7)
DA:1,1
DA:3,1
DA:5,4
DA:8,2
DA:13,2
LF:5
LH:5
BRF:0
BRH:0
end_of_record
TN:
SF:tests\mocks\driver.repository.mock.ts
FN:8,(anonymous_1)
FN:14,(anonymous_2)
FN:17,(anonymous_3)
FN:20,(anonymous_4)
FN:23,(anonymous_5)
FN:26,(anonymous_6)
FN:29,(anonymous_7)
FN:33,(anonymous_8)
FN:39,(anonymous_9)
FNF:9
FNH:3
FNDA:1,(anonymous_1)
FNDA:0,(anonymous_2)
FNDA:0,(anonymous_3)
FNDA:1,(anonymous_4)
FNDA:0,(anonymous_5)
FNDA:0,(anonymous_6)
FNDA:1,(anonymous_7)
FNDA:0,(anonymous_8)
FNDA:0,(anonymous_9)
DA:2,1
DA:5,1
DA:6,1
DA:9,1
DA:11,1
DA:12,1
DA:15,0
DA:18,0
DA:21,1
DA:24,0
DA:27,0
DA:30,1
DA:31,1
DA:37,0
DA:40,0
DA:44,1
LF:16
LH:10
BRF:0
BRH:0
end_of_record
TN:
SF:tests\mocks\location.repository.mock.ts
FN:8,(anonymous_1)
FN:11,(anonymous_2)
FN:15,(anonymous_3)
FN:18,(anonymous_4)
FNF:4
FNH:3
FNDA:1,(anonymous_1)
FNDA:1,(anonymous_2)
FNDA:0,(anonymous_3)
FNDA:1,(anonymous_4)
DA:3,1
DA:6,1
DA:9,1
DA:12,1
DA:13,1
DA:16,0
DA:19,1
DA:23,1
LF:8
LH:7
BRF:0
BRH:0
end_of_record
